<?xml version="1.0" encoding="utf-8"?><testsuites name="pytest tests"><testsuite name="pytest" errors="0" failures="0" skipped="0" tests="11" time="1.851" timestamp="2026-03-03T19:33:07.567632+00:00" hostname="agent-env-d65da436-9479-4912-89b2-093ac6d159e9"><testcase classname="backend.tests.test_notification_consistency.TestNotificationCountConsistency" name="test_sidebar_badges_returns_event_notifications" time="0.458" /><testcase classname="backend.tests.test_notification_consistency.TestNotificationCountConsistency" name="test_unread_count_returns_count" time="0.062" /><testcase classname="backend.tests.test_notification_consistency.TestNotificationCountConsistency" name="test_notification_counts_are_consistent" time="0.128" /><testcase classname="backend.tests.test_notification_consistency.TestNotificationCountConsistency" name="test_total_equals_event_notifications_for_user" time="0.074" /><testcase classname="backend.tests.test_notification_consistency.TestNotificationCountConsistency" name="test_get_event_notifications_list" time="0.056" /><testcase classname="backend.tests.test_notification_consistency.TestNotificationCountConsistency" name="test_notification_list_count_matches_unread_count" time="0.154" /><testcase classname="backend.tests.test_notification_consistency.TestMarkAllAsRead" name="test_mark_all_as_read_endpoint" time="0.385" /><testcase classname="backend.tests.test_notification_consistency.TestMarkAllAsRead" name="test_counts_zero_after_mark_all_read" time="0.213" /><testcase classname="backend.tests.test_notification_consistency.TestEdgeCases" name="test_no_auth_sidebar_badges" time="0.119" /><testcase classname="backend.tests.test_notification_consistency.TestEdgeCases" name="test_no_auth_unread_count" time="0.119" /><testcase classname="backend.tests.test_notification_consistency.TestEdgeCases" name="test_invalid_mark_read_body" time="0.062" /></testsuite></testsuites>