<?xml version="1.0" encoding="utf-8"?><testsuites name="pytest tests"><testsuite name="pytest" errors="0" failures="0" skipped="0" tests="12" time="1.556" timestamp="2026-03-03T18:00:12.647645+00:00" hostname="agent-env-3b3dcd25-97ed-4ec3-90f4-7b7c1fabec55"><testcase classname="tests.test_offers_bug_fix.TestMyOffersEndpoint" name="test_my_offers_returns_all_offers" time="0.471" /><testcase classname="tests.test_offers_bug_fix.TestMyOffersEndpoint" name="test_my_offers_includes_inactive" time="0.069" /><testcase classname="tests.test_offers_bug_fix.TestMyOffersEndpoint" name="test_my_offers_has_required_fields" time="0.128" /><testcase classname="tests.test_offers_bug_fix.TestMyOffersEndpoint" name="test_my_offers_trader_login_populated" time="0.070" /><testcase classname="tests.test_offers_bug_fix.TestPublicOffersEndpoint" name="test_public_offers_returns_only_active" time="0.081" /><testcase classname="tests.test_offers_bug_fix.TestPublicOffersEndpoint" name="test_public_offers_has_available_usdt" time="0.089" /><testcase classname="tests.test_offers_bug_fix.TestPublicOffersEndpoint" name="test_public_offers_has_required_fields" time="0.070" /><testcase classname="tests.test_offers_bug_fix.TestPublicOffersEndpoint" name="test_public_offers_excludes_inactive" time="0.167" /><testcase classname="tests.test_offers_bug_fix.TestOfferNormalization" name="test_payment_methods_always_list" time="0.089" /><testcase classname="tests.test_offers_bug_fix.TestOfferNormalization" name="test_is_active_boolean" time="0.091" /><testcase classname="tests.test_offers_bug_fix.TestOfferNormalization" name="test_numeric_fields_are_numbers" time="0.060" /><testcase classname="tests.test_offers_bug_fix.TestOffersFilteringBehavior" name="test_my_offers_superset_of_active_public" time="0.133" /></testsuite></testsuites>