<?xml version="1.0" encoding="utf-8"?><testsuites name="pytest tests"><testsuite name="pytest" errors="0" failures="0" skipped="0" tests="8" time="3.212" timestamp="2026-01-28T18:27:50.970201+00:00" hostname="agent-env-d63812a4-e221-499d-bc16-686ffa79b2a4"><testcase classname="backend.tests.test_locked_balance_check.TestLockedBalanceCheck" name="test_locked_check_endpoint_returns_correct_structure" time="0.383" /><testcase classname="backend.tests.test_locked_balance_check.TestLockedBalanceCheck" name="test_locked_check_nonexistent_trader" time="0.345" /><testcase classname="backend.tests.test_locked_balance_check.TestLockedBalanceCheck" name="test_locked_check_requires_auth" time="0.376" /><testcase classname="backend.tests.test_locked_balance_check.TestLockedBalanceCheck" name="test_unfreeze_requires_admin_role" time="0.608" /><testcase classname="backend.tests.test_locked_balance_check.TestLockedBalanceCheck" name="test_unfreeze_validates_amount_exceeds_locked" time="0.333" /><testcase classname="backend.tests.test_locked_balance_check.TestLockedBalanceCheck" name="test_unfreeze_validates_negative_amount" time="0.347" /><testcase classname="backend.tests.test_locked_balance_check.TestLockedBalanceCheck" name="test_unfreeze_requires_reason" time="0.330" /><testcase classname="backend.tests.test_locked_balance_check.TestLockedBalanceCheck" name="test_unfreeze_success_updates_balance" time="0.429" /></testsuite></testsuites>