<?xml version="1.0" encoding="utf-8"?><testsuites name="pytest tests"><testsuite name="pytest" errors="0" failures="0" skipped="0" tests="15" time="4.376" timestamp="2026-01-21T12:48:21.729537+00:00" hostname="agent-env-e1849752-0eca-42fd-85e1-60cbd9ba5164"><testcase classname="tests.test_unified_messaging.TestRoleColors" name="test_support_color_is_blue" time="0.358" /><testcase classname="tests.test_unified_messaging.TestRoleColors" name="test_admin_color_is_red" time="0.306" /><testcase classname="tests.test_unified_messaging.TestRoleColors" name="test_moderator_color_is_yellow" time="0.316" /><testcase classname="tests.test_unified_messaging.TestRoleColors" name="test_user_color_is_white" time="0.309" /><testcase classname="tests.test_unified_messaging.TestRoleColors" name="test_merchant_color_is_orange" time="0.305" /><testcase classname="tests.test_unified_messaging.TestRoleColors" name="test_shop_owner_color_is_purple" time="0.309" /><testcase classname="tests.test_unified_messaging.TestStaffChatAPI" name="test_get_staff_general_chat_as_admin" time="0.309" /><testcase classname="tests.test_unified_messaging.TestStaffChatAPI" name="test_get_staff_general_chat_as_support" time="0.299" /><testcase classname="tests.test_unified_messaging.TestStaffChatAPI" name="test_post_message_to_staff_chat_as_admin" time="0.321" /><testcase classname="tests.test_unified_messaging.TestStaffChatAPI" name="test_post_message_to_staff_chat_as_support" time="0.356" /><testcase classname="tests.test_unified_messaging.TestStaffChatAPI" name="test_staff_chat_requires_auth" time="0.037" /><testcase classname="tests.test_unified_messaging.TestStaffChatAPI" name="test_trader_cannot_access_staff_chat" time="0.301" /><testcase classname="tests.test_unified_messaging.TestP2PDisputesAPI" name="test_get_disputes_as_admin" time="0.300" /><testcase classname="tests.test_unified_messaging.TestP2PDisputesAPI" name="test_disputes_requires_admin" time="0.038" /><testcase classname="tests.test_unified_messaging.TestUserMessagesAPI" name="test_get_conversations_as_trader" time="0.301" /></testsuite></testsuites>