<?xml version="1.0" encoding="utf-8"?><testsuites name="pytest tests"><testsuite name="pytest" errors="0" failures="0" skipped="0" tests="18" time="6.180" timestamp="2026-01-20T00:53:25.917599+00:00" hostname="agent-env-5e2a9ef9-8125-4e6e-9395-27147600e42d"><testcase classname="tests.test_super_admin.TestAdminAuthentication" name="test_admin_login_success" time="0.308" /><testcase classname="tests.test_super_admin.TestAdminAuthentication" name="test_admin_login_wrong_password" time="0.264" /><testcase classname="tests.test_super_admin.TestSuperAdminOverview" name="test_get_overview" time="0.344" /><testcase classname="tests.test_super_admin.TestSuperAdminOverview" name="test_overview_requires_auth" time="0.347" /><testcase classname="tests.test_super_admin.TestSuperAdminUsers" name="test_get_all_users" time="0.307" /><testcase classname="tests.test_super_admin.TestSuperAdminUsers" name="test_get_traders_only" time="0.304" /><testcase classname="tests.test_super_admin.TestSuperAdminUsers" name="test_get_merchants_only" time="0.306" /><testcase classname="tests.test_super_admin.TestSuperAdminUsers" name="test_search_users" time="0.313" /><testcase classname="tests.test_super_admin.TestSuperAdminStaff" name="test_get_staff_list" time="0.304" /><testcase classname="tests.test_super_admin.TestSuperAdminFinances" name="test_get_finances_7d" time="0.307" /><testcase classname="tests.test_super_admin.TestSuperAdminFinances" name="test_get_finances_different_periods" time="0.488" /><testcase classname="tests.test_super_admin.TestSuperAdminMaintenance" name="test_get_maintenance_status" time="0.291" /><testcase classname="tests.test_super_admin.TestSuperAdminMaintenance" name="test_toggle_maintenance_mode" time="0.421" /><testcase classname="tests.test_super_admin.TestSuperAdminActivityLog" name="test_get_activity_log" time="0.298" /><testcase classname="tests.test_super_admin.TestSuperAdminModerationChats" name="test_get_chats_for_moderation" time="0.304" /><testcase classname="tests.test_super_admin.TestSuperAdminCommissions" name="test_get_all_commissions" time="0.316" /><testcase classname="tests.test_super_admin.TestUserBanUnban" name="test_ban_user" time="0.423" /><testcase classname="tests.test_super_admin.TestBalanceAdjustment" name="test_adjust_balance" time="0.384" /></testsuite></testsuites>