<?xml version="1.0" encoding="utf-8"?><testsuites name="pytest tests"><testsuite name="pytest" errors="0" failures="0" skipped="0" tests="16" time="1.531" timestamp="2026-01-19T18:02:47.885487+00:00" hostname="agent-env-094aa5ed-a2d2-4b1b-9803-960e8ef4ada4"><testcase classname="tests.test_new_ui_features.TestPublicOffers" name="test_public_offers_endpoint_exists" time="0.085" /><testcase classname="tests.test_new_ui_features.TestPublicOffers" name="test_offers_have_limits_fields" time="0.017" /><testcase classname="tests.test_new_ui_features.TestPublicOffers" name="test_offers_have_available_usdt" time="0.019" /><testcase classname="tests.test_new_ui_features.TestPublicOffers" name="test_offers_have_requisites_with_type" time="0.019" /><testcase classname="tests.test_new_ui_features.TestCISRequisites" name="test_create_cis_requisite" time="0.292" /><testcase classname="tests.test_new_ui_features.TestCISRequisites" name="test_get_requisites_includes_cis_type" time="0.010" /><testcase classname="tests.test_new_ui_features.TestForumSearch" name="test_forum_messages_endpoint" time="0.052" /><testcase classname="tests.test_new_ui_features.TestForumAutoModeration" name="test_spam_keyword_blocked" time="0.037" /><testcase classname="tests.test_new_ui_features.TestForumAutoModeration" name="test_external_link_blocked" time="0.337" /><testcase classname="tests.test_new_ui_features.TestForumAutoModeration" name="test_telegram_link_blocked" time="0.052" /><testcase classname="tests.test_new_ui_features.TestConversations" name="test_search_users_by_nickname" time="0.061" /><testcase classname="tests.test_new_ui_features.TestConversations" name="test_get_conversations" time="0.014" /><testcase classname="tests.test_new_ui_features.TestConversations" name="test_delete_conversation_endpoint_exists" time="0.052" /><testcase classname="tests.test_new_ui_features.TestReferralProgram" name="test_referral_info_endpoint" time="0.053" /><testcase classname="tests.test_new_ui_features.TestPrivateMessages" name="test_create_conversation" time="0.063" /><testcase classname="tests.test_new_ui_features.TestPrivateMessages" name="test_send_private_message" time="0.114" /></testsuite></testsuites>