<?xml version="1.0" encoding="utf-8"?><testsuites name="pytest tests"><testsuite name="pytest" errors="0" failures="0" skipped="0" tests="28" time="1.971" timestamp="2026-01-17T10:19:48.771493+00:00" hostname="agent-env-284ea1b6-8e61-48df-8a01-03d3d86349cc"><testcase classname="tests.test_offer_orderbook.TestSetup" name="test_trader_login" time="0.319" /><testcase classname="tests.test_offer_orderbook.TestSetup" name="test_get_initial_balance" time="0.039" /><testcase classname="tests.test_offer_orderbook.TestSetup" name="test_deposit_for_testing" time="0.043" /><testcase classname="tests.test_offer_orderbook.TestPublicOffersEndpoint" name="test_public_offers_endpoint_exists" time="0.037" /><testcase classname="tests.test_offer_orderbook.TestPublicOffersEndpoint" name="test_public_offers_returns_active_only" time="0.036" /><testcase classname="tests.test_offer_orderbook.TestPublicOffersEndpoint" name="test_public_offers_have_required_fields" time="0.038" /><testcase classname="tests.test_offer_orderbook.TestPaymentMethodFilter" name="test_filter_by_card" time="0.036" /><testcase classname="tests.test_offer_orderbook.TestPaymentMethodFilter" name="test_filter_by_sbp" time="0.074" /><testcase classname="tests.test_offer_orderbook.TestPaymentMethodFilter" name="test_filter_all_returns_all" time="0.074" /><testcase classname="tests.test_offer_orderbook.TestOfferSorting" name="test_sort_by_price" time="0.035" /><testcase classname="tests.test_offer_orderbook.TestOfferSorting" name="test_sort_by_amount" time="0.038" /><testcase classname="tests.test_offer_orderbook.TestOfferSorting" name="test_sort_by_rating" time="0.036" /><testcase classname="tests.test_offer_orderbook.TestRequisiteCreation" name="test_create_card_requisite" time="0.112" /><testcase classname="tests.test_offer_orderbook.TestRequisiteCreation" name="test_create_sbp_requisite" time="0.038" /><testcase classname="tests.test_offer_orderbook.TestRequisiteCreation" name="test_create_second_card_requisite" time="0.075" /><testcase classname="tests.test_offer_orderbook.TestOfferBalanceReservation" name="test_create_offer_reserves_balance" time="0.116" /><testcase classname="tests.test_offer_orderbook.TestOfferBalanceReservation" name="test_offer_has_amount_usdt_field" time="0.035" /><testcase classname="tests.test_offer_orderbook.TestOfferBalanceReservation" name="test_insufficient_balance_error" time="0.069" /><testcase classname="tests.test_offer_orderbook.TestDuplicateRequisiteType" name="test_duplicate_requisite_type_rejected" time="0.039" /><testcase classname="tests.test_offer_orderbook.TestDuplicateRequisiteType" name="test_different_requisite_types_allowed" time="0.116" /><testcase classname="tests.test_offer_orderbook.TestOfferDeletionReturnsBalance" name="test_delete_offer_returns_balance" time="0.147" /><testcase classname="tests.test_offer_orderbook.TestOfferDisplayFields" name="test_offers_show_trader_info" time="0.034" /><testcase classname="tests.test_offer_orderbook.TestOfferDisplayFields" name="test_offers_show_rate" time="0.033" /><testcase classname="tests.test_offer_orderbook.TestOfferDisplayFields" name="test_offers_show_available_amount" time="0.078" /><testcase classname="tests.test_offer_orderbook.TestOfferDisplayFields" name="test_offers_show_payment_methods" time="0.034" /><testcase classname="tests.test_offer_orderbook.TestOfferDisplayFields" name="test_offers_show_conditions" time="0.035" /><testcase classname="tests.test_offer_orderbook.TestOfferDisplayFields" name="test_offers_show_trades_count" time="0.034" /><testcase classname="tests.test_offer_orderbook.TestOfferDisplayFields" name="test_offers_show_success_rate" time="0.034" /></testsuite></testsuites>