<?xml version="1.0" encoding="utf-8"?><testsuites name="pytest tests"><testsuite name="pytest" errors="0" failures="1" skipped="0" tests="24" time="8.346" timestamp="2026-01-17T20:04:45.823873+00:00" hostname="agent-env-4f1aa651-f6c6-4251-a62b-9235043904f7"><testcase classname="tests.test_user_dashboard_chat.TestAuth" name="test_admin_login" time="0.309" /><testcase classname="tests.test_user_dashboard_chat.TestAuth" name="test_trader_login" time="0.262" /><testcase classname="tests.test_user_dashboard_chat.TestAuth" name="test_trader2_login" time="0.257" /><testcase classname="tests.test_user_dashboard_chat.TestUserDashboardAPIs" name="test_get_trader_profile" time="0.305" /><testcase classname="tests.test_user_dashboard_chat.TestUserDashboardAPIs" name="test_get_trader_stats" time="0.302" /><testcase classname="tests.test_user_dashboard_chat.TestUserDashboardAPIs" name="test_get_active_sales" time="0.302" /><testcase classname="tests.test_user_dashboard_chat.TestUserDashboardAPIs" name="test_get_active_purchases" time="0.300" /><testcase classname="tests.test_user_dashboard_chat.TestUserDashboardAPIs" name="test_get_marketplace_purchases" time="0.350" /><testcase classname="tests.test_user_dashboard_chat.TestPrivateMessaging" name="test_search_users" time="0.312" /><testcase classname="tests.test_user_dashboard_chat.TestPrivateMessaging" name="test_get_online_users" time="0.303" /><testcase classname="tests.test_user_dashboard_chat.TestPrivateMessaging" name="test_get_conversations" time="0.300" /><testcase classname="tests.test_user_dashboard_chat.TestPrivateMessaging" name="test_create_conversation" time="0.555" /><testcase classname="tests.test_user_dashboard_chat.TestPrivateMessaging" name="test_send_message" time="0.590" /><testcase classname="tests.test_user_dashboard_chat.TestPrivateMessaging" name="test_get_conversation_messages" time="0.614" /><testcase classname="tests.test_user_dashboard_chat.TestPrivateMessaging" name="test_cannot_message_self" time="0.343" /><testcase classname="tests.test_user_dashboard_chat.TestPrivateMessaging" name="test_empty_message_rejected" time="0.601" /><testcase classname="tests.test_user_dashboard_chat.TestAdminChatModeration" name="test_admin_get_conversations" time="0.304" /><testcase classname="tests.test_user_dashboard_chat.TestAdminChatModeration" name="test_admin_get_private_messages" time="0.296" /><testcase classname="tests.test_user_dashboard_chat.TestAdminChatModeration" name="test_admin_cannot_access_without_auth" time="0.036" /><testcase classname="tests.test_user_dashboard_chat.TestAdminChatModeration" name="test_trader_cannot_access_admin_endpoints" time="0.298" /><testcase classname="tests.test_user_dashboard_chat.TestAdminPanelAPIs" name="test_admin_get_traders" time="0.336" /><testcase classname="tests.test_user_dashboard_chat.TestAdminPanelAPIs" name="test_admin_get_merchants" time="0.298"><failure message="assert 404 == 200&#10; +  where 404 = &lt;Response [404]&gt;.status_code">tests/test_user_dashboard_chat.py:354: in test_admin_get_merchants
    assert response.status_code == 200
E   assert 404 == 200
E    +  where 404 = &lt;Response [404]&gt;.status_code</failure></testcase><testcase classname="tests.test_user_dashboard_chat.TestAdminPanelAPIs" name="test_admin_get_trades" time="0.301" /><testcase classname="tests.test_user_dashboard_chat.TestAdminPanelAPIs" name="test_admin_get_shops" time="0.303" /></testsuite></testsuites>