<?xml version="1.0" encoding="utf-8"?><testsuites name="pytest tests"><testsuite name="pytest" errors="0" failures="0" skipped="1" tests="14" time="7.716" timestamp="2026-01-17T15:50:32.867682+00:00" hostname="agent-env-2bb12c4e-7068-4bc6-bef2-2740a27b21b3"><testcase classname="tests.test_forum_guarantor.TestForumAPI" name="test_get_forum_messages_public" time="0.096" /><testcase classname="tests.test_forum_guarantor.TestForumAPI" name="test_get_forum_messages_with_limit" time="0.039" /><testcase classname="tests.test_forum_guarantor.TestForumAPI" name="test_send_forum_message_requires_auth" time="0.041" /><testcase classname="tests.test_forum_guarantor.TestForumAPI" name="test_send_forum_message_as_trader" time="0.305" /><testcase classname="tests.test_forum_guarantor.TestForumAPI" name="test_send_forum_message_as_admin" time="0.313" /><testcase classname="tests.test_forum_guarantor.TestForumAPI" name="test_forum_message_validation_empty" time="0.297" /><testcase classname="tests.test_forum_guarantor.TestForumAPI" name="test_forum_message_validation_whitespace" time="0.299" /><testcase classname="tests.test_forum_guarantor.TestForumAPI" name="test_forum_message_validation_too_long" time="0.291" /><testcase classname="tests.test_forum_guarantor.TestForumAPI" name="test_forum_messages_chronological_order" time="0.037" /><testcase classname="tests.test_forum_guarantor.TestForumAPI" name="test_forum_message_has_required_fields" time="0.339" /><testcase classname="tests.test_forum_guarantor.TestHealthAndBasicEndpoints" name="test_api_health" time="0.047" /><testcase classname="tests.test_forum_guarantor.TestHealthAndBasicEndpoints" name="test_auth_login_trader" time="0.262" /><testcase classname="tests.test_forum_guarantor.TestHealthAndBasicEndpoints" name="test_auth_login_admin" time="0.260" /><testcase classname="tests.test_forum_guarantor.TestWebSocketEndpoint" name="test_websocket_forum_endpoint_exists" time="5.031"><skipped type="pytest.skip" message="WebSocket test skipped: The read operation timed out">/app/tests/test_forum_guarantor.py:290: WebSocket test skipped: The read operation timed out</skipped></testcase></testsuite></testsuites>