<?xml version="1.0" encoding="utf-8"?><testsuites name="pytest tests"><testsuite name="pytest" errors="0" failures="0" skipped="0" tests="16" time="4.645" timestamp="2026-01-19T11:14:49.671029+00:00" hostname="agent-env-319aafa1-0db6-47a3-9a0d-d84f233eb7ab"><testcase classname="tests.test_marketplace_guarantor.TestMarketplaceGuarantorFlow" name="test_01_login_trader2" time="0.302" /><testcase classname="tests.test_marketplace_guarantor.TestMarketplaceGuarantorFlow" name="test_02_login_trader" time="0.262" /><testcase classname="tests.test_marketplace_guarantor.TestMarketplaceGuarantorFlow" name="test_03_get_commission_settings" time="0.347" /><testcase classname="tests.test_marketplace_guarantor.TestMarketplaceGuarantorFlow" name="test_04_get_product_details" time="0.044" /><testcase classname="tests.test_marketplace_guarantor.TestMarketplaceGuarantorFlow" name="test_05_get_marketplace_products" time="0.049" /><testcase classname="tests.test_marketplace_guarantor.TestMarketplaceGuarantorFlow" name="test_06_buy_product_instant" time="0.353" /><testcase classname="tests.test_marketplace_guarantor.TestMarketplaceGuarantorFlow" name="test_07_buy_product_guarantor" time="0.341" /><testcase classname="tests.test_marketplace_guarantor.TestMarketplaceGuarantorFlow" name="test_08_check_my_purchases" time="0.278" /><testcase classname="tests.test_marketplace_guarantor.TestMarketplaceGuarantorFlow" name="test_09_confirm_guarantor_purchase" time="0.336" /><testcase classname="tests.test_marketplace_guarantor.TestMarketplaceGuarantorFlow" name="test_10_cancel_guarantor_purchase" time="0.400" /><testcase classname="tests.test_marketplace_guarantor.TestMarketplaceGuarantorFlow" name="test_11_open_dispute" time="0.360" /><testcase classname="tests.test_marketplace_guarantor.TestMarketplaceGuarantorFlow" name="test_12_admin_resolve_dispute" time="0.319" /><testcase classname="tests.test_marketplace_guarantor.TestMarketplaceGuarantorFlow" name="test_13_verify_purchase_statuses" time="0.285" /><testcase classname="tests.test_marketplace_guarantor.TestProductPagePurchaseOptions" name="test_product_has_price_info" time="0.045" /><testcase classname="tests.test_marketplace_guarantor.TestProductPagePurchaseOptions" name="test_commission_settings_available" time="0.304" /><testcase classname="tests.test_marketplace_guarantor.TestGuarantorCommissionCalculation" name="test_guarantor_fee_calculation" time="0.424" /></testsuite></testsuites>