<?xml version="1.0" encoding="utf-8"?><testsuites name="pytest tests"><testsuite name="pytest" errors="0" failures="0" skipped="0" tests="11" time="19.243" timestamp="2026-01-19T23:02:42.274827+00:00" hostname="agent-env-094aa5ed-a2d2-4b1b-9803-960e8ef4ada4"><testcase classname="tests.test_bug_fixes.TestBug1PaymentTypes" name="test_public_offers_have_requisites" time="0.068" /><testcase classname="tests.test_bug_fixes.TestBug1PaymentTypes" name="test_offers_have_unique_payment_types" time="0.015" /><testcase classname="tests.test_bug_fixes.TestBug2OwnOfferButton" name="test_public_offers_include_trader_id" time="0.295" /><testcase classname="tests.test_bug_fixes.TestBug2OwnOfferButton" name="test_my_offers_endpoint" time="0.250" /><testcase classname="tests.test_bug_fixes.TestBug3ProfileNoTradingAccount" name="test_trader_profile_no_shop_balance" time="0.010" /><testcase classname="tests.test_bug_fixes.TestBug4TransactionHistory" name="test_transactions_endpoint" time="0.020" /><testcase classname="tests.test_bug_fixes.TestBug4TransactionHistory" name="test_transfers_use_correct_field_names" time="0.040" /><testcase classname="tests.test_bug_fixes.TestBug4TransactionHistory" name="test_transfer_history_endpoint" time="0.011" /><testcase classname="tests.test_bug_fixes.TestBug5ForumRateLimit" name="test_forum_rate_limit_returns_429" time="6.070" /><testcase classname="tests.test_bug_fixes.TestBug5ForumRateLimit" name="test_forum_rate_limit_allows_after_wait" time="12.299" /><testcase classname="tests.test_bug_fixes.TestTransferCreation" name="test_create_transfer" time="0.100" /></testsuite></testsuites>