<?xml version="1.0" encoding="utf-8"?><testsuites name="pytest tests"><testsuite name="pytest" errors="0" failures="0" skipped="0" tests="19" time="4.955" timestamp="2026-01-20T12:05:40.920310+00:00" hostname="agent-env-3b68256e-505c-463c-88b1-cabfc6ad959e"><testcase classname="tests.test_marketplace_shop_features.TestAuth" name="test_admin_login" time="0.304" /><testcase classname="tests.test_marketplace_shop_features.TestAuth" name="test_seller_login" time="0.274" /><testcase classname="tests.test_marketplace_shop_features.TestAuth" name="test_buyer_login" time="0.322" /><testcase classname="tests.test_marketplace_shop_features.TestMarketplaceShops" name="test_marketplace_shops_list" time="0.042" /><testcase classname="tests.test_marketplace_shop_features.TestMarketplaceShops" name="test_marketplace_products_list" time="0.049" /><testcase classname="tests.test_marketplace_shop_features.TestMarketplaceShops" name="test_seller_has_shop" time="0.307" /><testcase classname="tests.test_marketplace_shop_features.TestShopBlockUnblock" name="test_block_shop" time="0.652" /><testcase classname="tests.test_marketplace_shop_features.TestShopBlockUnblock" name="test_blocked_shop_not_in_marketplace" time="0.195" /><testcase classname="tests.test_marketplace_shop_features.TestShopBlockUnblock" name="test_unblock_shop" time="0.173" /><testcase classname="tests.test_marketplace_shop_features.TestShopBlockUnblock" name="test_unblocked_shop_in_marketplace" time="0.133" /><testcase classname="tests.test_marketplace_shop_features.TestBalanceLock" name="test_toggle_balance_lock" time="0.658" /><testcase classname="tests.test_marketplace_shop_features.TestBalanceLock" name="test_locked_user_cannot_create_offer" time="0.239" /><testcase classname="tests.test_marketplace_shop_features.TestProductPurchase" name="test_get_marketplace_products" time="0.042" /><testcase classname="tests.test_marketplace_shop_features.TestProductPurchase" name="test_buyer_balance" time="0.588" /><testcase classname="tests.test_marketplace_shop_features.TestProductPurchase" name="test_buy_product" time="0.096" /><testcase classname="tests.test_marketplace_shop_features.TestProductPurchase" name="test_my_purchases" time="0.045" /><testcase classname="tests.test_marketplace_shop_features.TestShopMessages" name="test_send_message_to_shop" time="0.623" /><testcase classname="tests.test_marketplace_shop_features.TestShopMessages" name="test_shop_owner_view_messages" time="0.039" /><testcase classname="tests.test_marketplace_shop_features.TestShopMessages" name="test_shop_owner_reply" time="0.087" /></testsuite></testsuites>