<?xml version="1.0" encoding="utf-8"?><testsuites name="pytest tests"><testsuite name="pytest" errors="0" failures="0" skipped="0" tests="15" time="2.871" timestamp="2026-01-17T17:49:16.236424+00:00" hostname="agent-env-4833deb6-067e-4834-a303-2283ce636ee4"><testcase classname="tests.test_shop_marketplace.TestShopApplicationFlow" name="test_trader_login" time="0.280" /><testcase classname="tests.test_shop_marketplace.TestShopApplicationFlow" name="test_admin_login" time="0.263" /><testcase classname="tests.test_shop_marketplace.TestShopApplicationFlow" name="test_get_my_shop_application_status" time="0.316" /><testcase classname="tests.test_shop_marketplace.TestShopApplicationFlow" name="test_shop_application_requires_auth" time="0.036" /><testcase classname="tests.test_shop_marketplace.TestAdminShopApplications" name="test_admin_can_view_shop_applications" time="0.312" /><testcase classname="tests.test_shop_marketplace.TestAdminShopApplications" name="test_admin_can_filter_pending_applications" time="0.280" /><testcase classname="tests.test_shop_marketplace.TestAdminShopApplications" name="test_shop_applications_requires_admin" time="0.274" /><testcase classname="tests.test_shop_marketplace.TestTraderShopManagement" name="test_trader_can_get_shop_settings" time="0.273" /><testcase classname="tests.test_shop_marketplace.TestTraderShopManagement" name="test_trader_can_get_products" time="0.268" /><testcase classname="tests.test_shop_marketplace.TestMarketplace" name="test_marketplace_shops_public" time="0.041" /><testcase classname="tests.test_shop_marketplace.TestMarketplace" name="test_marketplace_products_public" time="0.038" /><testcase classname="tests.test_shop_marketplace.TestMarketplace" name="test_marketplace_categories_public" time="0.038" /><testcase classname="tests.test_shop_marketplace.TestMarketplace" name="test_marketplace_shop_detail" time="0.090" /><testcase classname="tests.test_shop_marketplace.TestMarketplace" name="test_marketplace_product_detail" time="0.034" /><testcase classname="tests.test_shop_marketplace.TestGuarantorDealCreation" name="test_guarantor_deals_endpoint_exists" time="0.267" /></testsuite></testsuites>