<?xml version="1.0" encoding="utf-8"?><testsuites name="pytest tests"><testsuite name="pytest" errors="0" failures="0" skipped="0" tests="25" time="6.271" timestamp="2026-01-17T19:25:12.440057+00:00" hostname="agent-env-4833deb6-067e-4834-a303-2283ce636ee4"><testcase classname="tests.test_new_features.TestAuth" name="test_admin_login" time="0.291" /><testcase classname="tests.test_new_features.TestAuth" name="test_trader_login" time="0.268" /><testcase classname="tests.test_new_features.TestAuth" name="test_buyer_login" time="0.261" /><testcase classname="tests.test_new_features.TestPriceVariants" name="test_get_product_with_variants" time="0.300" /><testcase classname="tests.test_new_features.TestPriceVariants" name="test_buy_with_variant_quantity" time="0.354" /><testcase classname="tests.test_new_features.TestStockUploadDownload" name="test_upload_stock_requires_auth" time="0.036" /><testcase classname="tests.test_new_features.TestStockUploadDownload" name="test_upload_stock_trader_only" time="0.297" /><testcase classname="tests.test_new_features.TestStockUploadDownload" name="test_download_stock_requires_auth" time="0.038" /><testcase classname="tests.test_new_features.TestStockUploadDownload" name="test_download_stock_owner_only" time="0.336" /><testcase classname="tests.test_new_features.TestProductReservation" name="test_reserve_product_requires_auth" time="0.035" /><testcase classname="tests.test_new_features.TestProductReservation" name="test_reserve_product" time="0.354" /><testcase classname="tests.test_new_features.TestAdminWithdrawals" name="test_get_withdrawals_requires_admin" time="0.300" /><testcase classname="tests.test_new_features.TestAdminWithdrawals" name="test_get_pending_withdrawals" time="0.412" /><testcase classname="tests.test_new_features.TestAdminWithdrawals" name="test_get_all_withdrawals" time="0.303" /><testcase classname="tests.test_new_features.TestAdminWithdrawals" name="test_process_withdrawal_requires_admin" time="0.299" /><testcase classname="tests.test_new_features.TestAdminWithdrawals" name="test_process_withdrawal_invalid_decision" time="0.299" /><testcase classname="tests.test_new_features.TestAdminWithdrawals" name="test_process_withdrawal_not_found" time="0.302" /><testcase classname="tests.test_new_features.TestAdminInventoryMonitoring" name="test_inventory_requires_admin" time="0.293" /><testcase classname="tests.test_new_features.TestAdminInventoryMonitoring" name="test_get_inventory_monitoring" time="0.320" /><testcase classname="tests.test_new_features.TestShopTransfer" name="test_transfer_requires_auth" time="0.036" /><testcase classname="tests.test_new_features.TestShopTransfer" name="test_transfer_requires_trader" time="0.338" /><testcase classname="tests.test_new_features.TestShopTransfer" name="test_transfer_validates_amount" time="0.300" /><testcase classname="tests.test_new_features.TestShopTransfer" name="test_transfer_validates_target" time="0.336" /><testcase classname="tests.test_new_features.TestMarketplaceProducts" name="test_get_marketplace_products" time="0.036" /><testcase classname="tests.test_new_features.TestMarketplaceProducts" name="test_get_product_details" time="0.040" /></testsuite></testsuites>