<?xml version="1.0" encoding="utf-8"?><testsuites name="pytest tests"><testsuite name="pytest" errors="0" failures="1" skipped="1" tests="21" time="5.710" timestamp="2026-01-17T19:01:10.025518+00:00" hostname="agent-env-4833deb6-067e-4834-a303-2283ce636ee4"><testcase classname="tests.test_stage1_features.TestAuth" name="test_admin_login" time="0.304" /><testcase classname="tests.test_stage1_features.TestAuth" name="test_trader_login" time="0.263" /><testcase classname="tests.test_stage1_features.TestAuth" name="test_buyer_login" time="0.264" /><testcase classname="tests.test_stage1_features.TestAdminShopManagement" name="test_get_all_shops_as_admin" time="0.347" /><testcase classname="tests.test_stage1_features.TestAdminShopManagement" name="test_get_shops_requires_admin" time="0.302" /><testcase classname="tests.test_stage1_features.TestAdminShopManagement" name="test_update_shop_commission" time="0.417" /><testcase classname="tests.test_stage1_features.TestAdminShopManagement" name="test_update_commission_validation" time="0.371" /><testcase classname="tests.test_stage1_features.TestShopDashboard" name="test_get_shop_dashboard" time="0.301" /><testcase classname="tests.test_stage1_features.TestShopDashboard" name="test_dashboard_requires_shop" time="0.341"><failure message="AssertionError: Expected 403/404, got 200&#10;assert 200 in [403, 404]&#10; +  where 200 = &lt;Response [200]&gt;.status_code">tests/test_stage1_features.py:242: in test_dashboard_requires_shop
    assert response.status_code in [403, 404], f"Expected 403/404, got {response.status_code}"
E   AssertionError: Expected 403/404, got 200
E   assert 200 in [403, 404]
E    +  where 200 = &lt;Response [200]&gt;.status_code</failure></testcase><testcase classname="tests.test_stage1_features.TestShopOrders" name="test_get_shop_orders" time="0.302" /><testcase classname="tests.test_stage1_features.TestShopOrders" name="test_filter_orders_by_status" time="0.302" /><testcase classname="tests.test_stage1_features.TestShopFinances" name="test_get_shop_finances" time="0.303" /><testcase classname="tests.test_stage1_features.TestShopWithdraw" name="test_withdraw_validation" time="0.336" /><testcase classname="tests.test_stage1_features.TestShopWithdraw" name="test_withdraw_insufficient_balance" time="0.293" /><testcase classname="tests.test_stage1_features.TestProductPurchase" name="test_get_product_details" time="0.036"><skipped type="pytest.skip" message="Product 686bc773-f166-4255-84e6-0c25aa9497a4 not found">/app/tests/test_stage1_features.py:350: Product 686bc773-f166-4255-84e6-0c25aa9497a4 not found</skipped></testcase><testcase classname="tests.test_stage1_features.TestProductPurchase" name="test_purchase_requires_auth" time="0.036" /><testcase classname="tests.test_stage1_features.TestProductPurchase" name="test_purchase_validates_quantity" time="0.297" /><testcase classname="tests.test_stage1_features.TestProductPurchase" name="test_purchase_checks_stock" time="0.356" /><testcase classname="tests.test_stage1_features.TestMarketplaceIntegration" name="test_marketplace_products_list" time="0.040" /><testcase classname="tests.test_stage1_features.TestMarketplaceIntegration" name="test_marketplace_shops_list" time="0.039" /><testcase classname="tests.test_stage1_features.TestCommissionCalculation" name="test_shop_has_individual_commission" time="0.296" /></testsuite></testsuites>