<?xml version="1.0" encoding="utf-8"?><testsuites name="pytest tests"><testsuite name="pytest" errors="0" failures="0" skipped="0" tests="41" time="3.362" timestamp="2026-01-17T01:26:24.919095+00:00" hostname="agent-env-e351519d-511a-42a3-9a04-a6a3798aac9e"><testcase classname="tests.test_p2p_exchange.TestHealthCheck" name="test_api_root" time="0.058" /><testcase classname="tests.test_p2p_exchange.TestHealthCheck" name="test_health_endpoint" time="0.036" /><testcase classname="tests.test_p2p_exchange.TestAdminAuth" name="test_admin_login_success" time="0.258" /><testcase classname="tests.test_p2p_exchange.TestAdminAuth" name="test_admin_login_invalid_password" time="0.255" /><testcase classname="tests.test_p2p_exchange.TestAdminAuth" name="test_admin_me_endpoint" time="0.038" /><testcase classname="tests.test_p2p_exchange.TestTraderAuth" name="test_trader_registration" time="0.264" /><testcase classname="tests.test_p2p_exchange.TestTraderAuth" name="test_trader_login_existing" time="0.034" /><testcase classname="tests.test_p2p_exchange.TestTraderAuth" name="test_trader_duplicate_registration" time="0.291" /><testcase classname="tests.test_p2p_exchange.TestMerchantAuth" name="test_merchant_registration_casino" time="0.271" /><testcase classname="tests.test_p2p_exchange.TestMerchantAuth" name="test_merchant_registration_shop" time="0.259" /><testcase classname="tests.test_p2p_exchange.TestMerchantAuth" name="test_merchant_registration_stream" time="0.256" /><testcase classname="tests.test_p2p_exchange.TestAdminMerchantManagement" name="test_get_pending_merchants" time="0.032" /><testcase classname="tests.test_p2p_exchange.TestAdminMerchantManagement" name="test_get_all_merchants" time="0.034" /><testcase classname="tests.test_p2p_exchange.TestAdminMerchantManagement" name="test_approve_merchant" time="0.038" /><testcase classname="tests.test_p2p_exchange.TestAdminMerchantManagement" name="test_get_merchant_details" time="0.031" /><testcase classname="tests.test_p2p_exchange.TestAdminCommissionSettings" name="test_get_commission_settings" time="0.041" /><testcase classname="tests.test_p2p_exchange.TestAdminCommissionSettings" name="test_update_commission_settings" time="0.074" /><testcase classname="tests.test_p2p_exchange.TestAdminCommissionSettings" name="test_get_commission_history" time="0.036" /><testcase classname="tests.test_p2p_exchange.TestAdminMonitoring" name="test_get_monitoring_data" time="0.073" /><testcase classname="tests.test_p2p_exchange.TestAdminStats" name="test_get_admin_stats" time="0.038" /><testcase classname="tests.test_p2p_exchange.TestTraderOperations" name="test_get_trader_profile" time="0.035" /><testcase classname="tests.test_p2p_exchange.TestTraderOperations" name="test_trader_deposit" time="0.033" /><testcase classname="tests.test_p2p_exchange.TestTraderOperations" name="test_update_trader_preferences" time="0.033" /><testcase classname="tests.test_p2p_exchange.TestOffers" name="test_create_offer" time="0.036" /><testcase classname="tests.test_p2p_exchange.TestOffers" name="test_get_my_offers" time="0.034" /><testcase classname="tests.test_p2p_exchange.TestOffers" name="test_get_public_offers" time="0.033" /><testcase classname="tests.test_p2p_exchange.TestOffers" name="test_delete_offer" time="0.035" /><testcase classname="tests.test_p2p_exchange.TestPaymentLinks" name="test_create_payment_link" time="0.063" /><testcase classname="tests.test_p2p_exchange.TestPaymentLinks" name="test_get_payment_links" time="0.040" /><testcase classname="tests.test_p2p_exchange.TestChat" name="test_get_chats_admin" time="0.035" /><testcase classname="tests.test_p2p_exchange.TestChat" name="test_get_chats_merchant" time="0.033" /><testcase classname="tests.test_p2p_exchange.TestChat" name="test_get_chat_messages" time="0.034" /><testcase classname="tests.test_p2p_exchange.TestChat" name="test_send_message_admin" time="0.032" /><testcase classname="tests.test_p2p_exchange.TestChat" name="test_send_message_merchant" time="0.034" /><testcase classname="tests.test_p2p_exchange.TestTrades" name="test_get_trades_trader" time="0.038" /><testcase classname="tests.test_p2p_exchange.TestTrades" name="test_get_trades_admin" time="0.031" /><testcase classname="tests.test_p2p_exchange.TestMerchantActions" name="test_suspend_merchant" time="0.077" /><testcase classname="tests.test_p2p_exchange.TestMerchantActions" name="test_block_merchant" time="0.033" /><testcase classname="tests.test_p2p_exchange.TestAuthorizationErrors" name="test_unauthorized_access" time="0.032" /><testcase classname="tests.test_p2p_exchange.TestAuthorizationErrors" name="test_invalid_token" time="0.032" /><testcase classname="tests.test_p2p_exchange.TestAuthorizationErrors" name="test_trader_accessing_admin_endpoint" time="0.030" /></testsuite></testsuites>