<?xml version="1.0" encoding="utf-8"?><testsuites name="pytest tests"><testsuite name="pytest" errors="0" failures="0" skipped="0" tests="36" time="64.605" timestamp="2026-01-20T21:31:32.909494+00:00" hostname="agent-env-a34b0264-0fdd-46fd-b20d-4d21ac6ad2f2"><testcase classname="tests.test_shop_applications_staff_chat.TestAuthentication" name="test_admin_login" time="0.337" /><testcase classname="tests.test_shop_applications_staff_chat.TestAuthentication" name="test_mod_p2p_login" time="0.263" /><testcase classname="tests.test_shop_applications_staff_chat.TestAuthentication" name="test_mod_market_login" time="0.264" /><testcase classname="tests.test_shop_applications_staff_chat.TestAuthentication" name="test_support_login" time="0.266" /><testcase classname="tests.test_shop_applications_staff_chat.TestAuthentication" name="test_buyer_login" time="0.301" /><testcase classname="tests.test_shop_applications_staff_chat.TestShopApplicationFlow" name="test_get_shop_applications_as_admin" time="0.307" /><testcase classname="tests.test_shop_applications_staff_chat.TestShopApplicationFlow" name="test_get_shop_applications_as_mod_market" time="0.305" /><testcase classname="tests.test_shop_applications_staff_chat.TestShopApplicationFlow" name="test_create_shop_application" time="0.344" /><testcase classname="tests.test_shop_applications_staff_chat.TestShopApplicationFlow" name="test_shop_application_chat_admin" time="0.381" /><testcase classname="tests.test_shop_applications_staff_chat.TestShopApplicationFlow" name="test_shop_application_chat_mod_market" time="0.345" /><testcase classname="tests.test_shop_applications_staff_chat.TestShopApplicationFlow" name="test_set_shop_commission_mod_market" time="0.352" /><testcase classname="tests.test_shop_applications_staff_chat.TestShopApplicationFlow" name="test_commission_change_restriction" time="0.641" /><testcase classname="tests.test_shop_applications_staff_chat.TestStaffChat" name="test_get_staff_chat_admin" time="0.303" /><testcase classname="tests.test_shop_applications_staff_chat.TestStaffChat" name="test_get_staff_chat_mod_p2p" time="0.301" /><testcase classname="tests.test_shop_applications_staff_chat.TestStaffChat" name="test_get_staff_chat_mod_market" time="0.305" /><testcase classname="tests.test_shop_applications_staff_chat.TestStaffChat" name="test_get_staff_chat_support" time="52.240" /><testcase classname="tests.test_shop_applications_staff_chat.TestStaffChat" name="test_send_staff_chat_admin" time="0.303" /><testcase classname="tests.test_shop_applications_staff_chat.TestStaffChat" name="test_send_staff_chat_mod_p2p" time="0.307" /><testcase classname="tests.test_shop_applications_staff_chat.TestStaffChat" name="test_send_staff_chat_support" time="0.310" /><testcase classname="tests.test_shop_applications_staff_chat.TestStaffChat" name="test_get_online_staff" time="0.310" /><testcase classname="tests.test_shop_applications_staff_chat.TestStaffChat" name="test_staff_chat_role_colors" time="1.000" /><testcase classname="tests.test_shop_applications_staff_chat.TestAdminMessagesToUsers" name="test_get_users_list" time="0.305" /><testcase classname="tests.test_shop_applications_staff_chat.TestAdminMessagesToUsers" name="test_send_message_to_user_admin" time="0.342" /><testcase classname="tests.test_shop_applications_staff_chat.TestAdminMessagesToUsers" name="test_send_message_to_user_support" time="0.605" /><testcase classname="tests.test_shop_applications_staff_chat.TestAdminMessagesToUsers" name="test_get_user_messages" time="0.341" /><testcase classname="tests.test_shop_applications_staff_chat.TestAdminMessagesToStaff" name="test_get_staff_list" time="0.310" /><testcase classname="tests.test_shop_applications_staff_chat.TestAdminMessagesToStaff" name="test_send_private_message_to_staff" time="0.357" /><testcase classname="tests.test_shop_applications_staff_chat.TestAdminMessagesToStaff" name="test_get_private_messages_with_staff" time="0.344" /><testcase classname="tests.test_shop_applications_staff_chat.TestTestCasinoAPI" name="test_merchant_balance_with_api_key" time="0.079" /><testcase classname="tests.test_shop_applications_staff_chat.TestTestCasinoAPI" name="test_invalid_api_key" time="0.036" /><testcase classname="tests.test_shop_applications_staff_chat.TestTestCasinoAPI" name="test_create_payment_with_api_key" time="0.067" /><testcase classname="tests.test_shop_applications_staff_chat.TestTestCasinoAPI" name="test_get_payments_with_api_key" time="0.042" /><testcase classname="tests.test_shop_applications_staff_chat.TestRoleAccessControl" name="test_mod_p2p_cannot_access_shop_applications" time="0.302" /><testcase classname="tests.test_shop_applications_staff_chat.TestRoleAccessControl" name="test_mod_market_can_access_shop_applications" time="0.347" /><testcase classname="tests.test_shop_applications_staff_chat.TestRoleAccessControl" name="test_support_cannot_access_shop_applications" time="0.308" /><testcase classname="tests.test_shop_applications_staff_chat.TestRoleAccessControl" name="test_all_staff_can_access_staff_chat" time="1.242" /></testsuite></testsuites>