<?xml version="1.0" encoding="utf-8"?><testsuites name="pytest tests"><testsuite name="pytest" errors="0" failures="0" skipped="0" tests="19" time="6.323" timestamp="2026-01-21T18:46:57.430816+00:00" hostname="agent-env-5ad85a68-c05e-4419-9472-b00eb014b16d"><testcase classname="tests.test_merchant_shop_applications.TestMerchantApplicationFlow" name="test_01_merchant_registration" time="0.311" /><testcase classname="tests.test_merchant_shop_applications.TestMerchantApplicationFlow" name="test_02_merchant_chat_opens_automatically" time="0.041" /><testcase classname="tests.test_merchant_shop_applications.TestMerchantApplicationFlow" name="test_03_merchant_can_send_message" time="0.625" /><testcase classname="tests.test_merchant_shop_applications.TestMerchantApplicationFlow" name="test_04_admin_sees_merchant_application" time="0.402" /><testcase classname="tests.test_merchant_shop_applications.TestMerchantApplicationFlow" name="test_05_admin_sees_merchant_messages" time="0.315" /><testcase classname="tests.test_merchant_shop_applications.TestMerchantApplicationFlow" name="test_06_admin_can_reply_to_merchant" time="0.851" /><testcase classname="tests.test_merchant_shop_applications.TestMerchantApplicationFlow" name="test_07_merchant_sees_admin_reply" time="0.042" /><testcase classname="tests.test_merchant_shop_applications.TestMerchantApplicationFlow" name="test_08_admin_approves_merchant" time="0.342" /><testcase classname="tests.test_merchant_shop_applications.TestMerchantApplicationFlow" name="test_09_merchant_receives_approval_message" time="0.541" /><testcase classname="tests.test_merchant_shop_applications.TestMerchantRejectionFlow" name="test_01_register_and_reject_merchant" time="0.582" /><testcase classname="tests.test_merchant_shop_applications.TestShopApplicationFlow" name="test_01_trader_creates_shop_application" time="0.315" /><testcase classname="tests.test_merchant_shop_applications.TestShopApplicationFlow" name="test_02_shop_application_chat_works" time="0.304" /><testcase classname="tests.test_merchant_shop_applications.TestShopApplicationFlow" name="test_03_trader_sends_message_in_shop_chat" time="0.305" /><testcase classname="tests.test_merchant_shop_applications.TestShopApplicationFlow" name="test_04_admin_sees_shop_applications" time="0.322" /><testcase classname="tests.test_merchant_shop_applications.TestShopApplicationFlow" name="test_05_admin_can_approve_shop" time="0.363" /><testcase classname="tests.test_merchant_shop_applications.TestAPIEndpoints" name="test_health_check" time="0.037" /><testcase classname="tests.test_merchant_shop_applications.TestAPIEndpoints" name="test_maintenance_status" time="0.037" /><testcase classname="tests.test_merchant_shop_applications.TestAPIEndpoints" name="test_admin_login" time="0.262" /><testcase classname="tests.test_merchant_shop_applications.TestAPIEndpoints" name="test_trader_login" time="0.261" /></testsuite></testsuites>