<?xml version="1.0" encoding="utf-8"?><testsuites name="pytest tests"><testsuite name="pytest" errors="0" failures="0" skipped="1" tests="20" time="3.327" timestamp="2026-01-17T01:52:13.691161+00:00" hostname="agent-env-e351519d-511a-42a3-9a04-a6a3798aac9e"><testcase classname="tests.test_new_trade_logic.TestSetup" name="test_trader_login" time="0.279" /><testcase classname="tests.test_new_trade_logic.TestSetup" name="test_merchant_login" time="0.261" /><testcase classname="tests.test_new_trade_logic.TestSetup" name="test_admin_login" time="0.517" /><testcase classname="tests.test_new_trade_logic.TestTraderConfirmLogic" name="test_confirm_fails_when_status_pending" time="0.104" /><testcase classname="tests.test_new_trade_logic.TestTraderConfirmLogic" name="test_confirm_succeeds_when_status_paid" time="0.183" /><testcase classname="tests.test_new_trade_logic.TestTraderConfirmLogic" name="test_confirm_succeeds_when_status_disputed" time="0.138"><skipped type="pytest.skip" message="Cannot test disputed confirm without waiting 10 minutes">/app/tests/test_new_trade_logic.py:187: Cannot test disputed confirm without waiting 10 minutes</skipped></testcase><testcase classname="tests.test_new_trade_logic.TestTraderCancelLogic" name="test_cancel_fails_when_status_not_pending" time="0.133" /><testcase classname="tests.test_new_trade_logic.TestTraderCancelLogic" name="test_cancel_fails_when_pending_but_less_than_30_min" time="0.100" /><testcase classname="tests.test_new_trade_logic.TestClientMarkPaid" name="test_client_mark_paid" time="0.103" /><testcase classname="tests.test_new_trade_logic.TestClientMarkPaid" name="test_mark_paid_fails_when_not_pending" time="0.132" /><testcase classname="tests.test_new_trade_logic.TestClientCancelTrade" name="test_client_cancel_pending_trade" time="0.099" /><testcase classname="tests.test_new_trade_logic.TestClientCancelTrade" name="test_client_cancel_paid_trade" time="0.174" /><testcase classname="tests.test_new_trade_logic.TestClientChat" name="test_client_send_message" time="0.160" /><testcase classname="tests.test_new_trade_logic.TestClientChat" name="test_client_get_messages" time="0.105" /><testcase classname="tests.test_new_trade_logic.TestDisputeLogic" name="test_dispute_fails_before_10_min" time="0.207" /><testcase classname="tests.test_new_trade_logic.TestDisputeLogic" name="test_dispute_fails_when_not_paid" time="0.103" /><testcase classname="tests.test_new_trade_logic.TestTradeRequisites" name="test_create_requisite_and_offer" time="0.068" /><testcase classname="tests.test_new_trade_logic.TestTradeRequisites" name="test_trade_has_requisites_from_offer" time="0.098" /><testcase classname="tests.test_new_trade_logic.TestPublicTradeEndpoint" name="test_public_trade_returns_requisites" time="0.098" /><testcase classname="tests.test_new_trade_logic.TestChatClosedAfterCompletion" name="test_chat_closed_after_completion" time="0.208" /></testsuite></testsuites>