<?xml version="1.0" encoding="utf-8"?><testsuites name="pytest tests"><testsuite name="pytest" errors="0" failures="0" skipped="0" tests="17" time="1.928" timestamp="2026-01-29T03:44:37.691247+00:00" hostname="agent-env-376db18a-cb9d-4a94-9d5b-d74abadb91c3"><testcase classname="backend.tests.test_payment_flow.TestMerchantAPI" name="test_merchant_info_valid_key" time="0.098" /><testcase classname="backend.tests.test_payment_flow.TestMerchantAPI" name="test_merchant_info_invalid_key" time="0.039" /><testcase classname="backend.tests.test_payment_flow.TestMerchantAPI" name="test_payment_methods" time="0.042" /><testcase classname="backend.tests.test_payment_flow.TestMerchantAPI" name="test_payment_methods_no_auth" time="0.041" /><testcase classname="backend.tests.test_payment_flow.TestInvoiceCreation" name="test_create_invoice_success" time="0.047" /><testcase classname="backend.tests.test_payment_flow.TestInvoiceCreation" name="test_create_invoice_invalid_signature" time="0.044" /><testcase classname="backend.tests.test_payment_flow.TestInvoiceCreation" name="test_create_invoice_minimum_amount" time="0.042" /><testcase classname="backend.tests.test_payment_flow.TestPublicOperators" name="test_get_operators" time="0.044" /><testcase classname="backend.tests.test_payment_flow.TestPublicOperators" name="test_get_operators_with_usdt_amount" time="0.048" /><testcase classname="backend.tests.test_payment_flow.TestPaymentPage" name="test_get_payment_info_valid_order" time="0.084" /><testcase classname="backend.tests.test_payment_flow.TestPaymentPage" name="test_get_payment_info_invalid_order" time="0.045" /><testcase classname="backend.tests.test_payment_flow.TestTraderAuth" name="test_trader_login_success" time="0.265" /><testcase classname="backend.tests.test_payment_flow.TestTraderAuth" name="test_trader_login_invalid_credentials" time="0.039" /><testcase classname="backend.tests.test_payment_flow.TestTraderSales" name="test_get_active_sales" time="0.301" /><testcase classname="backend.tests.test_payment_flow.TestTraderSales" name="test_get_trader_info" time="0.299" /><testcase classname="backend.tests.test_payment_flow.TestTradeConfirmation" name="test_confirm_trade_requires_auth" time="0.041" /><testcase classname="backend.tests.test_payment_flow.TestTradeConfirmation" name="test_confirm_nonexistent_trade" time="0.339" /></testsuite></testsuites>